--- State: Initial ; Option Run @ 2014-03-28 00:25:41.861947
----- Command: goodexit
----- Output:
goodexit

----- Process ended with return code 0 @ 2014-03-28 00:25:41.881917
--- State: Runloop ; Option Run @ 2014-03-28 00:25:41.882035
----- Command: goodexit
----- Output:
goodexit

----- Process ended with return code 0 @ 2014-03-28 00:25:41.901848
--- State: Run2 ; Option Run @ 2014-03-28 00:25:41.901967
----- Command: goodexit
----- Output:
goodexit

----- Process ended with return code 0 @ 2014-03-28 00:25:41.920960
--- State: Run2 ; Option Condition @ 2014-03-28 00:25:41.921049
----- Command: goodexit
----- Output:
goodexit

----- Process ended with return code 0 @ 2014-03-28 00:25:41.937795
--- State: Run3 ; Option Run @ 2014-03-28 00:25:41.937910
----- Command: badexit
----- Output:
badexit

----- Process ended with return code 2@ 2014-03-28 00:25:41.953188
--- State: Run3 ; Option Condition @ 2014-03-28 00:25:41.953288
----- Command: goodexit
----- Output:
goodexit

----- Process ended with return code 0 @ 2014-03-28 00:25:41.971105
--- State: Run4 ; Option Run @ 2014-03-28 00:25:41.971221
----- Command: goodexit
----- Output:
goodexit

----- Process ended with return code 0 @ 2014-03-28 00:25:41.986972
--- State: Run4 ; Option Condition @ 2014-03-28 00:25:41.987070
----- Command: badexit
----- Output:
badexit

----- Process ended with return code 2@ 2014-03-28 00:25:42.005376
Ended with Error @ 2014-03-28 00:25:42.005448
--- State: Initial ; Option Run @ 2014-03-28 00:26:09.648614
----- Command: goodexit
----- Output:
goodexit

----- Process ended with return code 0 @ 2014-03-28 00:26:09.666778
--- State: Runloop ; Option Run @ 2014-03-28 00:26:09.666878
----- Command: goodexit
----- Output:
goodexit

----- Process ended with return code 0 @ 2014-03-28 00:26:09.681136
Ended without Error @ 2014-03-28 00:26:09.681199
- Start @ 2014-03-28 00:26:56.912439--- State: Initial ; Option Run @ 2014-03-28 00:26:56.912483
----- Command: goodexit
----- Output:
goodexit

----- Process ended with return code 0 @ 2014-03-28 00:26:56.931923
--- State: Runloop ; Option Run @ 2014-03-28 00:26:56.932041
----- Command: goodexit
----- Output:
goodexit

----- Process ended with return code 0 @ 2014-03-28 00:26:56.948909
Ended without Error @ 2014-03-28 00:26:56.948970
- Start @ 2014-03-28 00:27:28.977223
--- State: Initial ; Option Run @ 2014-03-28 00:27:28.977266
----- Command: goodexit
----- Output:
goodexit

----- Process ended with return code 0 @ 2014-03-28 00:27:28.996437
--- State: Runloop ; Option Run @ 2014-03-28 00:27:28.996550
----- Command: goodexit
----- Output:
goodexit

----- Process ended with return code 0 @ 2014-03-28 00:27:29.013407
Ended without Error @ 2014-03-28 00:27:29.013473
- Start @ 2014-03-28 00:27:40.932082
--- State: Initial ; Option Run @ 2014-03-28 00:27:40.932126
----- Command: goodexit
----- Output:
goodexit

----- Process ended with return code 0 @ 2014-03-28 00:27:40.950418
--- State: Runloop ; Option Run @ 2014-03-28 00:27:40.950532
----- Command: goodexit
----- Output:
goodexit

----- Process ended with return code 0 @ 2014-03-28 00:27:40.966793
Ended without Error @ 2014-03-28 00:27:40.966854
